
> ggp@0.0.0 start /home/ggptest/GGP
> node ./bin/www

(node:8964) DeprecationWarning: `open()` is deprecated in mongoose >= 4.11.0, use `openUri()` instead, or set the `useMongoClient` option if using `connect()` or `createConnection()`. See http://mongoosejs.com/docs/connections.html#use-mongo-client
Connected to mongod server
(node:8964) DeprecationWarning: Mongoose: mpromise (mongoose's default promise library) is deprecated, plug in your own promise library instead: http://mongoosejs.com/docs/promises.html
[0mGET /api/contents/0 [32m200 [0m284.753 ms - 6336[0m
[0mGET /uploads/2017-08-09T051838987Z_rYDY9hE7YpjEvnbZiZ1ErkzrwhNYzCKg/1502255919091gXZ3R4zVH4GznTOA3lCWY8z7vi6RNY0S.jpg [36m304 [0m20.692 ms - -[0m
[0mGET /uploads/2017-08-09T065719212Z_9HFNkMHB0Zxe2xTXHGPSmpQceDz8FBR0/1502261839361SW5hl4EDkXTadq1vaHMiWbirpk2suKIk.gif [36m304 [0m23.267 ms - -[0m
[0mGET /uploads/2017-08-09T072657900Z_DSP2Fo9L9uim3r8JlbDAcVJ1S97GO9Xu/1502263618014dATqUznzhyFvqQ3GDYANWPjUHM6mS6os.jpg [36m304 [0m1.323 ms - -[0m
[0mGET /uploads/2017-08-09T072750131Z_B1iU4qrf9rw3h0q7SM2m620AGW2mbhiD/1502263670151q2cktezi3t6YMtJJZxXm8w35JNbLateg.jpeg [36m304 [0m1.407 ms - -[0m
[0mGET /uploads/2017-08-09T073329074Z_XQb3IH7YHuv1BwxoPdMaj5H6crinwPCW/1502264009094MKQx1x9AXEs9EsBetPYUeDbmYtDnzXpZ.jpg [36m304 [0m1.340 ms - -[0m
[0mGET /uploads/2017-08-09T150548672Z_jKRoVKd2Vq2dXcDCcThCl3OexwtuMJbU/1502291148775dRaUZjrp3HdCC5q2H2bPGF3haIZof8Gy.png [36m304 [0m1.305 ms - -[0m
[0mGET /uploads/2017-08-09T150611465Z_zq5TtYLfo79uaxKrNV1wjKtU0DBINo3Q/1502291171496QH3aCbSJ1rZcSM1emavscR38RHsXGMnS.jpg [36m304 [0m1.344 ms - -[0m
[0mGET /uploads/2017-08-09T150717997Z_U9vl39p5GIlfghcmKlxebL8CwBuy7fGi/1502291238014Q293bt5rF1cqEGVq9d3VvNWL34jbRPy1.gif [36m304 [0m2.221 ms - -[0m
[0mGET /uploads/2017-08-09T150830471Z_pUG5nEhGKk76frQYKUs4bybJzQayLZhQ/1502291310478CTe7kbnqZ4KObCe3BBsIbRHLzeCbpvll.jpg [36m304 [0m5.612 ms - -[0m
[0mGET /uploads/2017-08-09T150950212Z_ka8mEIvkI1fYfvKk7f85tQ0876Wj9no7/1502291390219Q75Tk4jgDNdjajyHtEEOHTBd1nMQFWQV.gif [36m304 [0m2.750 ms - -[0m
[0mGET /uploads/2017-08-09T151054584Z_63dy8Pfpt9cCYyX1Hm7Qs4lrOLRoWkky/1502291454593LbLpyYjuLzmCUlR6qqTH9WBSw4qz2LWT.jpg [36m304 [0m1.675 ms - -[0m
[0mGET /uploads/2017-08-09T151150336Z_AXenSUW50gfUFSDVCAuR6Zpfv7vzWbCt/1502291510344lWcxdHUQ0RhJS3WeKJy992J4pejHqVwT.gif [36m304 [0m1.443 ms - -[0m
[0mGET /uploads/2017-08-09T151157778Z_ZWqsgjmJMsbiTCxi9zmDQVttBzLknwEN/1502291517786ScnP6e2tCtsO8ct6DkyQ1u6VaJMCnD6d.jpg [36m304 [0m1.346 ms - -[0m
[0mGET /uploads/2017-08-09T151301960Z_ej4mCfHth5HzTyPOLDGU1lNyAQtAeE8o/1502291581968TihXqJP1GC4Z5ZUNnFip1xz20Rm9OoWu.gif [36m304 [0m1.361 ms - -[0m
[0mGET /uploads/2017-08-09T151341235Z_7jUSAcwxgFF8xNgvVwUC42iPrlS2KTH8/1502291621241r9bbbeUtVZSTmctOsBJFN3gYuv5xpLyi.png [36m304 [0m5.003 ms - -[0m
[0mGET /uploads/2017-08-09T151428874Z_JMe22UaDruF2qS3SvIJgNoz2MbZyXckt/1502291668880xxOQmMUi3lYYRYAmFuMqmnfjz4uAXMxL.png [32m200 [0m5.063 ms - 86613[0m
[0mGET /api/contents/0 [36m304 [0m79.768 ms - -[0m
[0mGET /api/contents/0 [36m304 [0m45.257 ms - -[0m
[0mGET /api/contents/0 [36m304 [0m47.573 ms - -[0m
[0mGET /uploads/2017-08-09T151404049Z_hmscoNZBwREeBpXZKHwUFYX2B1vxTVfZ/1502291644069qK4WNqCHtalXW2kpWIbYLjvPbBODHVhi.gif [32m200 [0m21.190 ms - 2700783[0m
[0mGET /api/contents/0 [36m304 [0m42.905 ms - -[0m
[0mGET /uploads/2017-08-09T051838987Z_rYDY9hE7YpjEvnbZiZ1ErkzrwhNYzCKg/1502255919091gXZ3R4zVH4GznTOA3lCWY8z7vi6RNY0S.jpg [36m304 [0m2.980 ms - -[0m
[0mGET /uploads/2017-08-09T065719212Z_9HFNkMHB0Zxe2xTXHGPSmpQceDz8FBR0/1502261839361SW5hl4EDkXTadq1vaHMiWbirpk2suKIk.gif [36m304 [0m5.841 ms - -[0m
[0mGET /uploads/2017-08-09T072657900Z_DSP2Fo9L9uim3r8JlbDAcVJ1S97GO9Xu/1502263618014dATqUznzhyFvqQ3GDYANWPjUHM6mS6os.jpg [36m304 [0m8.389 ms - -[0m
[0mGET /uploads/2017-08-09T072750131Z_B1iU4qrf9rw3h0q7SM2m620AGW2mbhiD/1502263670151q2cktezi3t6YMtJJZxXm8w35JNbLateg.jpeg [36m304 [0m8.392 ms - -[0m
[0mGET /uploads/2017-08-09T073329074Z_XQb3IH7YHuv1BwxoPdMaj5H6crinwPCW/1502264009094MKQx1x9AXEs9EsBetPYUeDbmYtDnzXpZ.jpg [36m304 [0m6.067 ms - -[0m
[0mGET /uploads/2017-08-09T150548672Z_jKRoVKd2Vq2dXcDCcThCl3OexwtuMJbU/1502291148775dRaUZjrp3HdCC5q2H2bPGF3haIZof8Gy.png [36m304 [0m2.393 ms - -[0m
[0mGET /uploads/2017-08-09T150611465Z_zq5TtYLfo79uaxKrNV1wjKtU0DBINo3Q/1502291171496QH3aCbSJ1rZcSM1emavscR38RHsXGMnS.jpg [36m304 [0m2.453 ms - -[0m
[0mGET /uploads/2017-08-09T150717997Z_U9vl39p5GIlfghcmKlxebL8CwBuy7fGi/1502291238014Q293bt5rF1cqEGVq9d3VvNWL34jbRPy1.gif [36m304 [0m3.404 ms - -[0m
[0mGET /uploads/2017-08-09T150830471Z_pUG5nEhGKk76frQYKUs4bybJzQayLZhQ/1502291310478CTe7kbnqZ4KObCe3BBsIbRHLzeCbpvll.jpg [36m304 [0m2.200 ms - -[0m
[0mGET /uploads/2017-08-09T150950212Z_ka8mEIvkI1fYfvKk7f85tQ0876Wj9no7/1502291390219Q75Tk4jgDNdjajyHtEEOHTBd1nMQFWQV.gif [36m304 [0m13.550 ms - -[0m
[0mGET /uploads/2017-08-09T151054584Z_63dy8Pfpt9cCYyX1Hm7Qs4lrOLRoWkky/1502291454593LbLpyYjuLzmCUlR6qqTH9WBSw4qz2LWT.jpg [36m304 [0m13.351 ms - -[0m
[0mGET /uploads/2017-08-09T151150336Z_AXenSUW50gfUFSDVCAuR6Zpfv7vzWbCt/1502291510344lWcxdHUQ0RhJS3WeKJy992J4pejHqVwT.gif [36m304 [0m9.832 ms - -[0m
[0mGET /uploads/2017-08-09T151157778Z_ZWqsgjmJMsbiTCxi9zmDQVttBzLknwEN/1502291517786ScnP6e2tCtsO8ct6DkyQ1u6VaJMCnD6d.jpg [36m304 [0m2.211 ms - -[0m
[0mGET /uploads/2017-08-09T151301960Z_ej4mCfHth5HzTyPOLDGU1lNyAQtAeE8o/1502291581968TihXqJP1GC4Z5ZUNnFip1xz20Rm9OoWu.gif [36m304 [0m2.964 ms - -[0m
[0mGET /uploads/2017-08-09T151341235Z_7jUSAcwxgFF8xNgvVwUC42iPrlS2KTH8/1502291621241r9bbbeUtVZSTmctOsBJFN3gYuv5xpLyi.png [36m304 [0m2.191 ms - -[0m
[0mGET /uploads/2017-08-09T151404049Z_hmscoNZBwREeBpXZKHwUFYX2B1vxTVfZ/1502291644069qK4WNqCHtalXW2kpWIbYLjvPbBODHVhi.gif [36m304 [0m2.176 ms - -[0m
[0mGET /uploads/2017-08-09T151428874Z_JMe22UaDruF2qS3SvIJgNoz2MbZyXckt/1502291668880xxOQmMUi3lYYRYAmFuMqmnfjz4uAXMxL.png [36m304 [0m2.234 ms - -[0m
[0mGET /api/contents/0 [36m304 [0m42.596 ms - -[0m
[0mGET /api/contents/0 [36m304 [0m32.970 ms - -[0m
[0mGET /uploads/2017-08-09T051838987Z_rYDY9hE7YpjEvnbZiZ1ErkzrwhNYzCKg/1502255919091gXZ3R4zVH4GznTOA3lCWY8z7vi6RNY0S.jpg [36m304 [0m2.285 ms - -[0m
[0mGET /uploads/2017-08-09T065719212Z_9HFNkMHB0Zxe2xTXHGPSmpQceDz8FBR0/1502261839361SW5hl4EDkXTadq1vaHMiWbirpk2suKIk.gif [36m304 [0m2.201 ms - -[0m
[0mGET /uploads/2017-08-09T072657900Z_DSP2Fo9L9uim3r8JlbDAcVJ1S97GO9Xu/1502263618014dATqUznzhyFvqQ3GDYANWPjUHM6mS6os.jpg [36m304 [0m14.516 ms - -[0m
[0mGET /uploads/2017-08-09T072750131Z_B1iU4qrf9rw3h0q7SM2m620AGW2mbhiD/1502263670151q2cktezi3t6YMtJJZxXm8w35JNbLateg.jpeg [36m304 [0m9.662 ms - -[0m
[0mGET /uploads/2017-08-09T073329074Z_XQb3IH7YHuv1BwxoPdMaj5H6crinwPCW/1502264009094MKQx1x9AXEs9EsBetPYUeDbmYtDnzXpZ.jpg [36m304 [0m2.154 ms - -[0m
[0mGET /uploads/2017-08-09T150548672Z_jKRoVKd2Vq2dXcDCcThCl3OexwtuMJbU/1502291148775dRaUZjrp3HdCC5q2H2bPGF3haIZof8Gy.png [36m304 [0m2.277 ms - -[0m
[0mGET /uploads/2017-08-09T150611465Z_zq5TtYLfo79uaxKrNV1wjKtU0DBINo3Q/1502291171496QH3aCbSJ1rZcSM1emavscR38RHsXGMnS.jpg [36m304 [0m2.318 ms - -[0m
[0mGET /uploads/2017-08-09T150717997Z_U9vl39p5GIlfghcmKlxebL8CwBuy7fGi/1502291238014Q293bt5rF1cqEGVq9d3VvNWL34jbRPy1.gif [36m304 [0m2.490 ms - -[0m
[0mGET /uploads/2017-08-09T150830471Z_pUG5nEhGKk76frQYKUs4bybJzQayLZhQ/1502291310478CTe7kbnqZ4KObCe3BBsIbRHLzeCbpvll.jpg [36m304 [0m2.392 ms - -[0m
[0mGET /uploads/2017-08-09T150950212Z_ka8mEIvkI1fYfvKk7f85tQ0876Wj9no7/1502291390219Q75Tk4jgDNdjajyHtEEOHTBd1nMQFWQV.gif [36m304 [0m3.376 ms - -[0m
[0mGET /uploads/2017-08-09T151054584Z_63dy8Pfpt9cCYyX1Hm7Qs4lrOLRoWkky/1502291454593LbLpyYjuLzmCUlR6qqTH9WBSw4qz2LWT.jpg [36m304 [0m2.280 ms - -[0m
[0mGET /uploads/2017-08-09T151150336Z_AXenSUW50gfUFSDVCAuR6Zpfv7vzWbCt/1502291510344lWcxdHUQ0RhJS3WeKJy992J4pejHqVwT.gif [36m304 [0m2.389 ms - -[0m
[0mGET /uploads/2017-08-09T151157778Z_ZWqsgjmJMsbiTCxi9zmDQVttBzLknwEN/1502291517786ScnP6e2tCtsO8ct6DkyQ1u6VaJMCnD6d.jpg [36m304 [0m6.591 ms - -[0m
[0mGET /uploads/2017-08-09T151301960Z_ej4mCfHth5HzTyPOLDGU1lNyAQtAeE8o/1502291581968TihXqJP1GC4Z5ZUNnFip1xz20Rm9OoWu.gif [36m304 [0m2.294 ms - -[0m
[0mGET /uploads/2017-08-09T151341235Z_7jUSAcwxgFF8xNgvVwUC42iPrlS2KTH8/1502291621241r9bbbeUtVZSTmctOsBJFN3gYuv5xpLyi.png [36m304 [0m2.239 ms - -[0m
[0mGET /uploads/2017-08-09T151404049Z_hmscoNZBwREeBpXZKHwUFYX2B1vxTVfZ/1502291644069qK4WNqCHtalXW2kpWIbYLjvPbBODHVhi.gif [36m304 [0m2.386 ms - -[0m
[0mGET /uploads/2017-08-09T151428874Z_JMe22UaDruF2qS3SvIJgNoz2MbZyXckt/1502291668880xxOQmMUi3lYYRYAmFuMqmnfjz4uAXMxL.png [36m304 [0m2.708 ms - -[0m
[0mGET /api/contents/1 [36m304 [0m16.972 ms - -[0m
[0mGET /api/contents/1 [36m304 [0m13.710 ms - -[0m
[0mGET /api/contents/0 [36m304 [0m38.951 ms - -[0m
[0mGET /api/contents/1 [36m304 [0m13.544 ms - -[0m
[0mGET /api/contents/0 [36m304 [0m40.648 ms - -[0m
[0mGET /api/contents/1 [36m304 [0m12.332 ms - -[0m
